0 info it worked if it ends with ok
1 verbose cli [ 'c:\\chocolatey\\lib\\nodejs.commandline.0.10.34\\tools\\node.exe',
1 verbose cli   'c:\\Chocolatey\\lib\\npm.1.4.9\\tools\\node_modules\\npm\\bin\\npm-cli.js',
1 verbose cli   'run-script',
1 verbose cli   'adamforster',
1 verbose cli   'test' ]
2 info using npm@1.4.9
3 info using node@v0.10.34
4 error Error: ENOENT, open 'K:\AdamForster\site\imkeradam.github.io\node_modules\adamforster\package.json'
5 error If you need help, you may report this *entire* log,
5 error including the npm and node versions, at:
5 error     <http://github.com/npm/npm/issues>
6 error System Windows_NT 6.2.9200
7 error command "c:\\chocolatey\\lib\\nodejs.commandline.0.10.34\\tools\\node.exe" "c:\\Chocolatey\\lib\\npm.1.4.9\\tools\\node_modules\\npm\\bin\\npm-cli.js" "run-script" "adamforster" "test"
8 error cwd K:\AdamForster\site\imkeradam.github.io
9 error node -v v0.10.34
10 error npm -v 1.4.9
11 error path K:\AdamForster\site\imkeradam.github.io\node_modules\adamforster\package.json
12 error code ENOENT
13 error errno 34
14 verbose exit [ 34, true ]
